[debug] [2021-12-22T04:46:48.450Z] ----------------------------------------------------------------------
[debug] [2021-12-22T04:46:48.457Z] Command:       C:\Program Files\nodejs\node.exe C:\Users\user\AppData\Roaming\npm\node_modules\firebase-tools\lib\bin\firebase.js deploy
[debug] [2021-12-22T04:46:48.459Z] CLI Version:   9.23.3
[debug] [2021-12-22T04:46:48.459Z] Platform:      win32
[debug] [2021-12-22T04:46:48.459Z] Node Version:  v17.1.0
[debug] [2021-12-22T04:46:48.461Z] Time:          Wed Dec 22 2021 07:46:48 GMT+0300 (Arabian Standard Time)
[debug] [2021-12-22T04:46:48.461Z] ----------------------------------------------------------------------
[debug] 
[debug] [2021-12-22T04:46:48.465Z] >>> [apiv2][query] GET https://firebase-public.firebaseio.com/cli.json [none]
[debug] [2021-12-22T04:46:48.676Z] > command requires scopes: ["email","openid","https://www.googleapis.com/auth/cloudplatformprojects.readonly","https://www.googleapis.com/auth/firebase","https://www.googleapis.com/auth/cloud-platform"]
[debug] [2021-12-22T04:46:48.676Z] > authorizing via signed-in user (nawazxx333@gmail.com)
[debug] [2021-12-22T04:46:48.677Z] [iam] checking project m-nawaz for permissions ["firebase.projects.get","firebasehosting.sites.update"]
[debug] [2021-12-22T04:46:48.680Z] > refreshing access token with scopes: ["email","https://www.googleapis.com/auth/cloud-platform","https://www.googleapis.com/auth/cloudplatformprojects.readonly","https://www.googleapis.com/auth/firebase","openid"]
[debug] [2021-12-22T04:46:48.680Z] >>> HTTP REQUEST POST https://www.googleapis.com/oauth2/v3/token  
 <request body omitted>
[debug] [2021-12-22T04:46:49.036Z] <<< HTTP RESPONSE 200 {"pragma":"no-cache","date":"Wed, 22 Dec 2021 04:46:50 GMT","cache-control":"no-cache, no-store, max-age=0, must-revalidate","expires":"Mon, 01 Jan 1990 00:00:00 GMT","content-type":"application/json; charset=utf-8","vary":"X-Origin, Referer, Origin,Accept-Encoding","server":"scaffolding on HTTPServer2","x-xss-protection":"0","x-frame-options":"SAMEORIGIN","x-content-type-options":"nosniff","alt-svc":"h3=\":443\"; ma=2592000,h3-29=\":443\"; ma=2592000,h3-Q050=\":443\"; ma=2592000,h3-Q046=\":443\"; ma=2592000,h3-Q043=\":443\"; ma=2592000,quic=\":443\"; ma=2592000; v=\"46,43\"","accept-ranges":"none","transfer-encoding":"chunked"}
[debug] [2021-12-22T04:46:49.062Z] >>> HTTP REQUEST POST https://cloudresourcemanager.googleapis.com/v1/projects/m-nawaz:testIamPermissions  
 {"permissions":["firebase.projects.get","firebasehosting.sites.update"]}
[debug] [2021-12-22T04:46:49.437Z] <<< [apiv2][status] GET https://firebase-public.firebaseio.com/cli.json 200
[debug] [2021-12-22T04:46:49.438Z] <<< [apiv2][body] GET https://firebase-public.firebaseio.com/cli.json {"cloudBuildErrorAfter":1594252800000,"cloudBuildWarnAfter":1590019200000,"defaultNode10After":1594252800000,"minVersion":"3.0.5","node8DeploysDisabledAfter":1613390400000,"node8RuntimeDisabledAfter":1615809600000,"node8WarnAfter":1600128000000}
[debug] [2021-12-22T04:46:50.581Z] <<< HTTP RESPONSE 200 {"content-type":"application/json; charset=UTF-8","vary":"X-Origin, Referer, Origin,Accept-Encoding","date":"Wed, 22 Dec 2021 04:46:51 GMT","server":"ESF","cache-control":"private","x-xss-protection":"0","x-frame-options":"SAMEORIGIN","x-content-type-options":"nosniff","server-timing":"gfet4t7; dur=1202","alt-svc":"h3=\":443\"; ma=2592000,h3-29=\":443\"; ma=2592000,h3-Q050=\":443\"; ma=2592000,h3-Q046=\":443\"; ma=2592000,h3-Q043=\":443\"; ma=2592000,quic=\":443\"; ma=2592000; v=\"46,43\"","accept-ranges":"none","transfer-encoding":"chunked"}
[debug] [2021-12-22T04:46:50.585Z] > refreshing access token with scopes: []
[debug] [2021-12-22T04:46:50.585Z] >>> HTTP REQUEST POST https://www.googleapis.com/oauth2/v3/token  
 <request body omitted>
[debug] [2021-12-22T04:46:50.908Z] <<< HTTP RESPONSE 200 {"date":"Wed, 22 Dec 2021 04:46:52 GMT","expires":"Mon, 01 Jan 1990 00:00:00 GMT","cache-control":"no-cache, no-store, max-age=0, must-revalidate","pragma":"no-cache","content-type":"application/json; charset=utf-8","vary":"X-Origin, Referer, Origin,Accept-Encoding","server":"scaffolding on HTTPServer2","x-xss-protection":"0","x-frame-options":"SAMEORIGIN","x-content-type-options":"nosniff","alt-svc":"h3=\":443\"; ma=2592000,h3-29=\":443\"; ma=2592000,h3-Q050=\":443\"; ma=2592000,h3-Q046=\":443\"; ma=2592000,h3-Q043=\":443\"; ma=2592000,quic=\":443\"; ma=2592000; v=\"46,43\"","accept-ranges":"none","transfer-encoding":"chunked"}
[debug] [2021-12-22T04:46:50.939Z] >>> [apiv2][query] GET https://firebase.googleapis.com/v1beta1/projects/m-nawaz [none]
[debug] [2021-12-22T04:46:51.424Z] <<< [apiv2][status] GET https://firebase.googleapis.com/v1beta1/projects/m-nawaz 200
[debug] [2021-12-22T04:46:51.425Z] <<< [apiv2][body] GET https://firebase.googleapis.com/v1beta1/projects/m-nawaz {"projectId":"m-nawaz","projectNumber":"1041394850791","displayName":"Nawaz-web","name":"projects/m-nawaz","resources":{"hostingSite":"m-nawaz","realtimeDatabaseInstance":"m-nawaz-default-rtdb"},"state":"ACTIVE"}
[info] 
[info] === Deploying to 'm-nawaz'...
[info] 
[info] i  deploying hosting 
[debug] [2021-12-22T04:46:51.434Z] > refreshing access token with scopes: ["email","https://www.googleapis.com/auth/cloud-platform","https://www.googleapis.com/auth/cloudplatformprojects.readonly","https://www.googleapis.com/auth/firebase","openid"]
[debug] [2021-12-22T04:46:51.434Z] >>> HTTP REQUEST POST https://www.googleapis.com/oauth2/v3/token  
 <request body omitted>
[debug] [2021-12-22T04:46:51.752Z] <<< HTTP RESPONSE 200 {"cache-control":"no-cache, no-store, max-age=0, must-revalidate","date":"Wed, 22 Dec 2021 04:46:52 GMT","pragma":"no-cache","expires":"Mon, 01 Jan 1990 00:00:00 GMT","content-type":"application/json; charset=utf-8","vary":"X-Origin, Referer, Origin,Accept-Encoding","server":"scaffolding on HTTPServer2","x-xss-protection":"0","x-frame-options":"SAMEORIGIN","x-content-type-options":"nosniff","alt-svc":"h3=\":443\"; ma=2592000,h3-29=\":443\"; ma=2592000,h3-Q050=\":443\"; ma=2592000,h3-Q046=\":443\"; ma=2592000,h3-Q043=\":443\"; ma=2592000,quic=\":443\"; ma=2592000; v=\"46,43\"","accept-ranges":"none","transfer-encoding":"chunked"}
[debug] [2021-12-22T04:46:51.764Z] >>> HTTP REQUEST POST https://firebasehosting.googleapis.com/v1beta1/sites/m-nawaz/versions  
 {"config":{},"labels":{"deployment-tool":"cli-firebase"}}
[debug] [2021-12-22T04:46:53.973Z] <<< HTTP RESPONSE 200 {"content-type":"application/json; charset=UTF-8","vary":"X-Origin, Referer, Origin,Accept-Encoding","date":"Wed, 22 Dec 2021 04:46:55 GMT","server":"ESF","cache-control":"private","x-xss-protection":"0","x-frame-options":"SAMEORIGIN","x-content-type-options":"nosniff","alt-svc":"h3=\":443\"; ma=2592000,h3-29=\":443\"; ma=2592000,h3-Q050=\":443\"; ma=2592000,h3-Q046=\":443\"; ma=2592000,h3-Q043=\":443\"; ma=2592000,quic=\":443\"; ma=2592000; v=\"46,43\"","accept-ranges":"none","transfer-encoding":"chunked"}
[info] i  hosting[m-nawaz]: beginning deploy... 
[info] i  hosting[m-nawaz]: found 13 files in public 
[debug] [2021-12-22T04:46:54.022Z] > refreshing access token with scopes: []
[debug] [2021-12-22T04:46:54.023Z] >>> HTTP REQUEST POST https://www.googleapis.com/oauth2/v3/token  
 <request body omitted>
[debug] [2021-12-22T04:46:54.025Z] [hosting] hash cache [cHVibGlj] stored for 13 files
[debug] [2021-12-22T04:46:54.025Z] [hosting][hash queue][FINAL] {"max":9,"min":0,"avg":1.2307692307692308,"active":0,"complete":13,"success":13,"errored":0,"retried":0,"total":13,"elapsed":13}
[debug] [2021-12-22T04:46:54.346Z] <<< HTTP RESPONSE 200 {"cache-control":"no-cache, no-store, max-age=0, must-revalidate","pragma":"no-cache","date":"Wed, 22 Dec 2021 04:46:55 GMT","expires":"Mon, 01 Jan 1990 00:00:00 GMT","content-type":"application/json; charset=utf-8","vary":"X-Origin, Referer, Origin,Accept-Encoding","server":"scaffolding on HTTPServer2","x-xss-protection":"0","x-frame-options":"SAMEORIGIN","x-content-type-options":"nosniff","alt-svc":"h3=\":443\"; ma=2592000,h3-29=\":443\"; ma=2592000,h3-Q050=\":443\"; ma=2592000,h3-Q046=\":443\"; ma=2592000,h3-Q043=\":443\"; ma=2592000,quic=\":443\"; ma=2592000; v=\"46,43\"","accept-ranges":"none","transfer-encoding":"chunked"}
[debug] [2021-12-22T04:46:54.363Z] >>> [apiv2][query] POST https://firebasehosting.googleapis.com/v1beta1/sites/m-nawaz/versions/8c8b03d6804d19e0:populateFiles [none]
[debug] [2021-12-22T04:46:54.363Z] >>> [apiv2][body] POST https://firebasehosting.googleapis.com/v1beta1/sites/m-nawaz/versions/8c8b03d6804d19e0:populateFiles {"files":{"/404.html":"1338edd2dad24bbaa0c4181027e898508ecb06fd640d95f4c4a8d94e1de6017b","/index.css":"e620d13f26633abe6115063c00c59062fa40c646e0d17dde076c4f5db84b2ebe","/Typewriter Sound Effect.mp3":"cc3bc67bf81cf179994dd296445f97fc67e2019277d367a625cf90db74bc5c36","/user logo.png":"7109a43976ba19318c1cfb1de8c4816c5ba9a5615b6c1e6f9537025beb5830b5","/Inside/inside.css":"22f56845246aa1ce33df3966195b1d00e531e5b1054f8ce798b7aa79d5bc78c5","/Inside/inside.html":"f41a1653dea8304580d12adcf3b3d48b885ae9701f4b7ebbb2bb09596713e590","/Inside/inside.js":"b3b07400e438de1c1ecabd29ef1e7443eab61209dbd964fcd535607c60d12020","/Source/source.html":"0145cf5fea9f55ae703611455581d1ce35ab04594b506fa51e2e178506d8f0af","/User/userInfo.css":"9614ea8ea73c84fbf2567a3b4a9c2dbda89a07a3f359e3afea5754661836d402","/User/userInfo.html":"0b35d4e669e61111bc4b4bc9ee6a5b1ffc1918450c497ee75fc41dc197a02cd9","/User/userInfo.js":"55f6194b181873fb6937b2aa64433794774b270b288194902b9fc40f4752b494","/index.html":"28ebfafff802bfaa92ea26b67ae95e2d43da2eaaa8825aaae28a6fbdc3a2c8fb","/index.js":"454555c0f91a3ca92ed762bbfea5f3a95338a75137066bdd43e468c045ed6cff"}}
[debug] [2021-12-22T04:46:56.169Z] <<< [apiv2][status] POST https://firebasehosting.googleapis.com/v1beta1/sites/m-nawaz/versions/8c8b03d6804d19e0:populateFiles 200
[debug] [2021-12-22T04:46:56.169Z] <<< [apiv2][body] POST https://firebasehosting.googleapis.com/v1beta1/sites/m-nawaz/versions/8c8b03d6804d19e0:populateFiles {"uploadRequiredHashes":["28ebfafff802bfaa92ea26b67ae95e2d43da2eaaa8825aaae28a6fbdc3a2c8fb","454555c0f91a3ca92ed762bbfea5f3a95338a75137066bdd43e468c045ed6cff"],"uploadUrl":"https://upload-firebasehosting.googleapis.com/upload/sites/m-nawaz/versions/8c8b03d6804d19e0/files"}
[debug] [2021-12-22T04:46:56.171Z] >>> [apiv2][query] POST https://upload-firebasehosting.googleapis.com/upload/sites/m-nawaz/versions/8c8b03d6804d19e0/files/28ebfafff802bfaa92ea26b67ae95e2d43da2eaaa8825aaae28a6fbdc3a2c8fb [none]
[debug] [2021-12-22T04:46:56.171Z] >>> [apiv2][body] POST https://upload-firebasehosting.googleapis.com/upload/sites/m-nawaz/versions/8c8b03d6804d19e0/files/28ebfafff802bfaa92ea26b67ae95e2d43da2eaaa8825aaae28a6fbdc3a2c8fb [stream]
[debug] [2021-12-22T04:46:56.175Z] >>> [apiv2][query] POST https://upload-firebasehosting.googleapis.com/upload/sites/m-nawaz/versions/8c8b03d6804d19e0/files/454555c0f91a3ca92ed762bbfea5f3a95338a75137066bdd43e468c045ed6cff [none]
[debug] [2021-12-22T04:46:56.175Z] >>> [apiv2][body] POST https://upload-firebasehosting.googleapis.com/upload/sites/m-nawaz/versions/8c8b03d6804d19e0/files/454555c0f91a3ca92ed762bbfea5f3a95338a75137066bdd43e468c045ed6cff [stream]
[debug] [2021-12-22T04:46:56.178Z] [hosting][populate queue][FINAL] {"max":2149,"min":2149,"avg":2149,"active":0,"complete":1,"success":1,"errored":0,"retried":0,"total":1,"elapsed":2156}
[debug] [2021-12-22T04:46:56.178Z] [hosting] uploads queued: 2
